#
# A fatal error has been detected by the Java Runtime Environment:
#
#  EXCEPTION_ACCESS_VIOLATION (0xc0000005) at pc=0x617493cd, pid=9916, tid=0x00002704
#
# JRE version: Java(TM) SE Runtime Environment (8.0_92-b14) (build 1.8.0_92-b14)
# Java VM: Java HotSpot(TM) Client VM (25.92-b14 mixed mode windows-x86 )
# Problematic frame:
# C  [listSerialsj.dll+0x93cd]
#
# Failed to write core dump. Minidumps are not enabled by default on client versions of Windows
#
# If you would like to submit a bug report, please visit:
#   http://bugreport.java.com/bugreport/crash.jsp
# The crash happened outside the Java Virtual Machine in native code.
# See problematic frame for where to report the bug.
#

---------------  T H R E A D  ---------------

Current thread (0x27597800):  JavaThread "cc.arduino.packages.discoverers.serial.SerialBoardsLister" [_thread_in_native, id=9988, stack(0x270e0000,0x27130000)]

siginfo: ExceptionCode=0xc0000005, writing address 0x00000000

Registers:
EAX=0x00000000, EBX=0x00000984, ECX=0x00000000, EDX=0x00000001
ESP=0x2712ea90, EBP=0x2712eee8, ESI=0x00000001, EDI=0x011a56d0
EIP=0x617493cd, EFLAGS=0x00010246

Top of Stack: (sp=0x2712ea90)
0x2712ea90:   013b26a0 0000002e 00000002 00000000
0x2712eaa0:   00000003 00000000 00000000 00000033
0x2712eab0:   00000000 00000000 0000006c 7429a540
0x2712eac0:   28e43ec8 01000000 011a4b08 00000066
0x2712ead0:   2712eb50 2607a380 00000049 00000200
0x2712eae0:   00000001 0000006c 00000045 206f6e69
0x2712eaf0:   6e6f654c 6f647261 314d4f43 00310031
0x2712eb00:   00425355 2712f100 27597800 68d0d8e6 

Instructions: (pc=0x617493cd)
0x617493ad:   8b 45 08 8b 90 94 00 00 00 85 d2 74 16 8b 40 2c
0x617493bd:   c7 44 24 04 2e 00 00 00 89 04 24 e8 73 14 00 00
0x617493cd:   c6 00 00 8d 85 04 fc ff ff 89 44 24 18 8d 85 0a
0x617493dd:   fc ff ff 89 44 24 10 a1 e4 01 75 61 c7 85 04 fc 


Register to memory mapping:

EAX=0x00000000 is an unknown value
EBX=0x00000984 is an unknown value
ECX=0x00000000 is an unknown value
EDX=0x00000001 is an unknown value
ESP=0x2712ea90 is pointing into the stack for thread: 0x27597800
EBP=0x2712eee8 is pointing into the stack for thread: 0x27597800
ESI=0x00000001 is an unknown value
EDI=0x011a56d0 is an unknown value


Stack: [0x270e0000,0x27130000],  sp=0x2712ea90,  free space=314k
Native frames: (J=compiled Java code, j=interpreted, Vv=VM code, C=native code)
C  [listSerialsj.dll+0x93cd]
C  [listSerialsj.dll+0x2211]

Java frames: (J=compiled Java code, j=interpreted, Vv=VM code)
j  processing.app.Platform.resolveDeviceAttachedToNative(Ljava/lang/String;)Ljava/lang/String;+0
j  processing.app.Platform.resolveDeviceByVendorIdProductId(Ljava/lang/String;Ljava/util/Map;)Ljava/util/Map;+2
j  cc.arduino.packages.discoverers.serial.SerialBoardsLister.retriggerDiscovery(Z)V+309
j  cc.arduino.packages.discoverers.serial.SerialBoardsLister.run()V+9
j  java.util.TimerThread.mainLoop()V+221
j  java.util.TimerThread.run()V+1
v  ~StubRoutines::call_stub

---------------  P R O C E S S  ---------------

Java Threads: ( => current thread )
  0x278d6400 JavaThread "DestroyJavaVM" [_thread_blocked, id=9940, stack(0x02c20000,0x02c70000)]
  0x27607000 JavaThread "TimerQueue" daemon [_thread_blocked, id=10060, stack(0x28ac0000,0x28b10000)]
  0x27607c00 JavaThread "Batik CleanerThread" daemon [_thread_blocked, id=10036, stack(0x28740000,0x28790000)]
  0x27609000 JavaThread "AWT-EventQueue-0" [_thread_blocked, id=10032, stack(0x285f0000,0x28640000)]
  0x27606400 JavaThread "JmDNS(C264-S10-iut-acy-local.local.).Timer" daemon [_thread_blocked, id=10028, stack(0x28560000,0x285b0000)]
  0x27608800 JavaThread "JmDNS(C264-S10-iut-acy-local.local.).State.Timer" [_thread_blocked, id=10024, stack(0x284d0000,0x28520000)]
  0x27607400 JavaThread "JmDNS(C264-S10-iut-acy-local.local.).Timer" daemon [_thread_blocked, id=10020, stack(0x28440000,0x28490000)]
  0x27609400 JavaThread "SocketListener(C264-S10-iut-acy-local.local.)" daemon [_thread_in_native, id=10016, stack(0x283b0000,0x28400000)]
  0x27608400 JavaThread "JmDNS(C264-S10-iut-acy-local.local.).Timer" daemon [_thread_blocked, id=10012, stack(0x28220000,0x28270000)]
  0x275e7c00 JavaThread "JmDNS(C264-S10-iut-acy-local.local.).State.Timer" [_thread_blocked, id=10008, stack(0x28190000,0x281e0000)]
  0x275e7400 JavaThread "JmDNS(C264-S10-iut-acy-local.local.).Timer" daemon [_thread_blocked, id=10004, stack(0x28100000,0x28150000)]
  0x275e7000 JavaThread "SocketListener(C264-S10-iut-acy-local.local.)" daemon [_thread_in_native, id=10000, stack(0x02cb0000,0x02d00000)]
  0x27598800 JavaThread "cc.arduino.packages.discoverers.network.BoardReachabilityFilter" [_thread_blocked, id=9996, stack(0x27f20000,0x27f70000)]
  0x27598000 JavaThread "cc.arduino.packages.discoverers.network.NetworkChecker" [_thread_blocked, id=9992, stack(0x27170000,0x271c0000)]
=>0x27597800 JavaThread "cc.arduino.packages.discoverers.serial.SerialBoardsLister" [_thread_in_native, id=9988, stack(0x270e0000,0x27130000)]
  0x26057000 JavaThread "AWT-Windows" daemon [_thread_in_native, id=9984, stack(0x265c0000,0x26610000)]
  0x26056400 JavaThread "AWT-Shutdown" [_thread_blocked, id=9980, stack(0x26530000,0x26580000)]
  0x26055800 JavaThread "Java2D Disposer" daemon [_thread_blocked, id=9976, stack(0x26380000,0x263d0000)]
  0x254aec00 JavaThread "Service Thread" daemon [_thread_blocked, id=9968, stack(0x25e50000,0x25ea0000)]
  0x2549b800 JavaThread "C1 CompilerThread0" daemon [_thread_blocked, id=9964, stack(0x25dc0000,0x25e10000)]
  0x2549a400 JavaThread "Attach Listener" daemon [_thread_blocked, id=9960, stack(0x25d30000,0x25d80000)]
  0x25498400 JavaThread "Signal Dispatcher" daemon [_thread_blocked, id=9956, stack(0x25ca0000,0x25cf0000)]
  0x2547ac00 JavaThread "Finalizer" daemon [_thread_blocked, id=9952, stack(0x25b00000,0x25b50000)]
  0x25464c00 JavaThread "Reference Handler" daemon [_thread_blocked, id=9948, stack(0x25730000,0x25780000)]

Other Threads:
  0x02bdd800 VMThread [stack: 0x256a0000,0x256f0000] [id=9944]
  0x25496800 WatcherThread [stack: 0x25ee0000,0x25f30000] [id=9972]

VM state:not at safepoint (normal execution)

VM Mutex/Monitor currently owned by a thread: None

Heap:
 def new generation   total 39424K, used 35963K [0x05000000, 0x07ac0000, 0x0faa0000)
  eden space 35072K,  98% used [0x05000000, 0x071d0638, 0x07240000)
  from space 4352K,  30% used [0x07240000, 0x0738e760, 0x07680000)
  to   space 4352K,   0% used [0x07680000, 0x07680000, 0x07ac0000)
 tenured generation   total 87424K, used 34104K [0x0faa0000, 0x15000000, 0x25000000)
   the space 87424K,  39% used [0x0faa0000, 0x11bee008, 0x11bee200, 0x15000000)
 Metaspace       used 18881K, capacity 19380K, committed 19456K, reserved 19840K

Card table byte_map: [0x04e60000,0x04f70000] byte_map_base: 0x04e38000

Polling page: 0x012d0000

CodeCache: size=32768Kb used=2502Kb max_used=4294Kb free=30265Kb
 bounds [0x02e60000, 0x03298000, 0x04e60000]
 total_blobs=1581 nmethods=1303 adapters=207
 compilation: enabled

Compilation events (10 events):
Event: 1325.525 Thread 0x2549b800 5043             javax.swing.Timer::fireActionPerformed (46 bytes)
Event: 1325.526 Thread 0x2549b800 nmethod 5043 0x030b3d48 code [0x030b3e60, 0x030b3fdc]
Event: 1325.666 Thread 0x2549b800 5044             java.util.HashMap::hash (20 bytes)
Event: 1325.666 Thread 0x2549b800 nmethod 5044 0x02f5f008 code [0x02f5f100, 0x02f5f19c]
Event: 1326.462 Thread 0x2549b800 5045             java.util.HashMap::put (13 bytes)
Event: 1326.463 Thread 0x2549b800 nmethod 5045 0x03117088 code [0x03117190, 0x03117288]
Event: 1326.728 Thread 0x2549b800 5046             sun.java2d.SunGraphics2D::setFont (105 bytes)
Event: 1326.729 Thread 0x2549b800 nmethod 5046 0x03103dc8 code [0x03103ee0, 0x031041a8]
Event: 1327.759 Thread 0x2549b800 5047             java.awt.Component::isShowing (38 bytes)
Event: 1327.759 Thread 0x2549b800 nmethod 5047 0x03116e48 code [0x03116f50, 0x0311703c]

GC Heap History (10 events):
Event: 597.677 GC heap before
{Heap before GC invocations=6 (full 1):
 def new generation   total 39424K, used 36830K [0x05000000, 0x07ac0000, 0x0faa0000)
  eden space 35072K, 100% used [0x05000000, 0x07240000, 0x07240000)
  from space 4352K,  40% used [0x07680000, 0x078379b0, 0x07ac0000)
  to   space 4352K,   0% used [0x07240000, 0x07240000, 0x07680000)
 tenured generation   total 87424K, used 26783K [0x0faa0000, 0x15000000, 0x25000000)
   the space 87424K,  30% used [0x0faa0000, 0x114c7c30, 0x114c7e00, 0x15000000)
 Metaspace       used 18472K, capacity 18952K, committed 19072K, reserved 19840K
Event: 597.685 GC heap after
Heap after GC invocations=7 (full 1):
 def new generation   total 39424K, used 1826K [0x05000000, 0x07ac0000, 0x0faa0000)
  eden space 35072K,   0% used [0x05000000, 0x05000000, 0x07240000)
  from space 4352K,  41% used [0x07240000, 0x07408ad8, 0x07680000)
  to   space 4352K,   0% used [0x07680000, 0x07680000, 0x07ac0000)
 tenured generation   total 87424K, used 26783K [0x0faa0000, 0x15000000, 0x25000000)
   the space 87424K,  30% used [0x0faa0000, 0x114c7c30, 0x114c7e00, 0x15000000)
 Metaspace       used 18472K, capacity 18952K, committed 19072K, reserved 19840K
}
Event: 725.584 GC heap before
{Heap before GC invocations=7 (full 1):
 def new generation   total 39424K, used 36898K [0x05000000, 0x07ac0000, 0x0faa0000)
  eden space 35072K, 100% used [0x05000000, 0x07240000, 0x07240000)
  from space 4352K,  41% used [0x07240000, 0x07408ad8, 0x07680000)
  to   space 4352K,   0% used [0x07680000, 0x07680000, 0x07ac0000)
 tenured generation   total 87424K, used 26783K [0x0faa0000, 0x15000000, 0x25000000)
   the space 87424K,  30% used [0x0faa0000, 0x114c7c30, 0x114c7e00, 0x15000000)
 Metaspace       used 18577K, capacity 19050K, committed 19200K, reserved 19840K
Event: 725.591 GC heap after
Heap after GC invocations=8 (full 1):
 def new generation   total 39424K, used 3247K [0x05000000, 0x07ac0000, 0x0faa0000)
  eden space 35072K,   0% used [0x05000000, 0x05000000, 0x07240000)
  from space 4352K,  74% used [0x07680000, 0x079abc28, 0x07ac0000)
  to   space 4352K,   0% used [0x07240000, 0x07240000, 0x07680000)
 tenured generation   total 87424K, used 26783K [0x0faa0000, 0x15000000, 0x25000000)
   the space 87424K,  30% used [0x0faa0000, 0x114c7c30, 0x114c7e00, 0x15000000)
 Metaspace       used 18577K, capacity 19050K, committed 19200K, reserved 19840K
}
Event: 868.845 GC heap before
{Heap before GC invocations=8 (full 1):
 def new generation   total 39424K, used 38319K [0x05000000, 0x07ac0000, 0x0faa0000)
  eden space 35072K, 100% used [0x05000000, 0x07240000, 0x07240000)
  from space 4352K,  74% used [0x07680000, 0x079abc28, 0x07ac0000)
  to   space 4352K,   0% used [0x07240000, 0x07240000, 0x07680000)
 tenured generation   total 87424K, used 26783K [0x0faa0000, 0x15000000, 0x25000000)
   the space 87424K,  30% used [0x0faa0000, 0x114c7c30, 0x114c7e00, 0x15000000)
 Metaspace       used 18873K, capacity 19338K, committed 19456K, reserved 19840K
Event: 868.863 GC heap after
Heap after GC invocations=9 (full 1):
 def new generation   total 39424K, used 2804K [0x05000000, 0x07ac0000, 0x0faa0000)
  eden space 35072K,   0% used [0x05000000, 0x05000000, 0x07240000)
  from space 4352K,  64% used [0x07240000, 0x074fd268, 0x07680000)
  to   space 4352K,   0% used [0x07680000, 0x07680000, 0x07ac0000)
 tenured generation   total 87424K, used 28200K [0x0faa0000, 0x15000000, 0x25000000)
   the space 87424K,  32% used [0x0faa0000, 0x1162a2b8, 0x1162a400, 0x15000000)
 Metaspace       used 18873K, capacity 19338K, committed 19456K, reserved 19840K
}
Event: 926.162 GC heap before
{Heap before GC invocations=9 (full 1):
 def new generation   total 39424K, used 37876K [0x05000000, 0x07ac0000, 0x0faa0000)
  eden space 35072K, 100% used [0x05000000, 0x07240000, 0x07240000)
  from space 4352K,  64% used [0x07240000, 0x074fd268, 0x07680000)
  to   space 4352K,   0% used [0x07680000, 0x07680000, 0x07ac0000)
 tenured generation   total 87424K, used 28200K [0x0faa0000, 0x15000000, 0x25000000)
   the space 87424K,  32% used [0x0faa0000, 0x1162a2b8, 0x1162a400, 0x15000000)
 Metaspace       used 18879K, capacity 19375K, committed 19456K, reserved 19840K
Event: 926.181 GC heap after
Heap after GC invocations=10 (full 1):
 def new generation   total 39424K, used 3701K [0x05000000, 0x07ac0000, 0x0faa0000)
  eden space 35072K,   0% used [0x05000000, 0x05000000, 0x07240000)
  from space 4352K,  85% used [0x07680000, 0x07a1d4f8, 0x07ac0000)
  to   space 4352K,   0% used [0x07240000, 0x07240000, 0x07680000)
 tenured generation   total 87424K, used 30629K [0x0faa0000, 0x15000000, 0x25000000)
   the space 87424K,  35% used [0x0faa0000, 0x118896e8, 0x11889800, 0x15000000)
 Metaspace       used 18879K, capacity 19375K, committed 19456K, reserved 19840K
}
Event: 1082.820 GC heap before
{Heap before GC invocations=10 (full 1):
 def new generation   total 39424K, used 38773K [0x05000000, 0x07ac0000, 0x0faa0000)
  eden space 35072K, 100% used [0x05000000, 0x07240000, 0x07240000)
  from space 4352K,  85% used [0x07680000, 0x07a1d4f8, 0x07ac0000)
  to   space 4352K,   0% used [0x07240000, 0x07240000, 0x07680000)
 tenured generation   total 87424K, used 30629K [0x0faa0000, 0x15000000, 0x25000000)
   the space 87424K,  35% used [0x0faa0000, 0x118896e8, 0x11889800, 0x15000000)
 Metaspace       used 18881K, capacity 19380K, committed 19456K, reserved 19840K
Event: 1082.826 GC heap after
Heap after GC invocations=11 (full 1):
 def new generation   total 39424K, used 1337K [0x05000000, 0x07ac0000, 0x0faa0000)
  eden space 35072K,   0% used [0x05000000, 0x05000000, 0x07240000)
  from space 4352K,  30% used [0x07240000, 0x0738e760, 0x07680000)
  to   space 4352K,   0% used [0x07680000, 0x07680000, 0x07ac0000)
 tenured generation   total 87424K, used 34104K [0x0faa0000, 0x15000000, 0x25000000)
   the space 87424K,  39% used [0x0faa0000, 0x11bee008, 0x11bee200, 0x15000000)
 Metaspace       used 18881K, capacity 19380K, committed 19456K, reserved 19840K
}

Deoptimization events (0 events):
No events

Internal exceptions (10 events):
Event: 1086.296 Thread 0x278d2c00 Exception <a 'sun/nio/fs/WindowsException'> (0x053aaff0) thrown at [C:\workspace\8-2-build-windows-i586-cygwin\jdk8u92\6642\hotspot\src\share\vm\prims\jni.cpp, line 709]
Event: 1086.296 Thread 0x278d2c00 Exception <a 'sun/nio/fs/WindowsException'> (0x053ab610) thrown at [C:\workspace\8-2-build-windows-i586-cygwin\jdk8u92\6642\hotspot\src\share\vm\prims\jni.cpp, line 709]
Event: 1086.296 Thread 0x278d2c00 Exception <a 'sun/nio/fs/WindowsException'> (0x053b5228) thrown at [C:\workspace\8-2-build-windows-i586-cygwin\jdk8u92\6642\hotspot\src\share\vm\prims\jni.cpp, line 709]
Event: 1086.296 Thread 0x278d2c00 Exception <a 'sun/nio/fs/WindowsException'> (0x053b5820) thrown at [C:\workspace\8-2-build-windows-i586-cygwin\jdk8u92\6642\hotspot\src\share\vm\prims\jni.cpp, line 709]
Event: 1086.297 Thread 0x278d2c00 Exception <a 'sun/nio/fs/WindowsException'> (0x053bfe38) thrown at [C:\workspace\8-2-build-windows-i586-cygwin\jdk8u92\6642\hotspot\src\share\vm\prims\jni.cpp, line 709]
Event: 1086.297 Thread 0x278d2c00 Exception <a 'sun/nio/fs/WindowsException'> (0x053c04a8) thrown at [C:\workspace\8-2-build-windows-i586-cygwin\jdk8u92\6642\hotspot\src\share\vm\prims\jni.cpp, line 709]
Event: 1086.297 Thread 0x278d2c00 Exception <a 'sun/nio/fs/WindowsException'> (0x053ca6d0) thrown at [C:\workspace\8-2-build-windows-i586-cygwin\jdk8u92\6642\hotspot\src\share\vm\prims\jni.cpp, line 709]
Event: 1086.297 Thread 0x278d2c00 Exception <a 'sun/nio/fs/WindowsException'> (0x053cacc8) thrown at [C:\workspace\8-2-build-windows-i586-cygwin\jdk8u92\6642\hotspot\src\share\vm\prims\jni.cpp, line 709]
Event: 1086.298 Thread 0x278d2c00 Exception <a 'sun/nio/fs/WindowsException'> (0x053d4c38) thrown at [C:\workspace\8-2-build-windows-i586-cygwin\jdk8u92\6642\hotspot\src\share\vm\prims\jni.cpp, line 709]
Event: 1086.298 Thread 0x278d2c00 Exception <a 'sun/nio/fs/WindowsException'> (0x053d5240) thrown at [C:\workspace\8-2-build-windows-i586-cygwin\jdk8u92\6642\hotspot\src\share\vm\prims\jni.cpp, line 709]

Events (10 events):
Event: 1325.526 Thread 0x2549b800 flushing nmethod 0x03112a88
Event: 1325.526 Thread 0x2549b800 flushing nmethod 0x03116e48
Event: 1325.527 Thread 0x2549b800 flushing nmethod 0x0311f548
Event: 1325.527 Thread 0x2549b800 flushing nmethod 0x0311f708
Event: 1325.527 Thread 0x2549b800 flushing nmethod 0x0311f8c8
Event: 1325.527 Thread 0x2549b800 flushing nmethod 0x0311fa88
Event: 1325.527 Thread 0x2549b800 flushing nmethod 0x0311ff48
Event: 1325.527 Thread 0x2549b800 flushing nmethod 0x03120108
Event: 1327.759 Thread 0x2549b800 flushing nmethod 0x031055c8
Event: 1327.759 Thread 0x2549b800 flushing nmethod 0x03128a08


Dynamic libraries:
0x000f0000 - 0x00123000 	C:\Program Files (x86)\Arduino\java\bin\javaw.exe
0x77710000 - 0x77892000 	C:\WINDOWS\SYSTEM32\ntdll.dll
0x74d60000 - 0x74e40000 	C:\WINDOWS\System32\KERNEL32.DLL
0x76840000 - 0x769e1000 	C:\WINDOWS\System32\KERNELBASE.dll
0x749f0000 - 0x74a67000 	C:\WINDOWS\System32\ADVAPI32.dll
0x76780000 - 0x7683e000 	C:\WINDOWS\System32\msvcrt.dll
0x74f70000 - 0x74fb1000 	C:\WINDOWS\System32\sechost.dll
0x774f0000 - 0x775b1000 	C:\WINDOWS\System32\RPCRT4.dll
0x74250000 - 0x7426e000 	C:\WINDOWS\System32\SspiCli.dll
0x74240000 - 0x7424a000 	C:\WINDOWS\System32\CRYPTBASE.dll
0x74f10000 - 0x74f6a000 	C:\WINDOWS\System32\bcryptPrimitives.dll
0x74aa0000 - 0x74bff000 	C:\WINDOWS\System32\USER32.dll
0x74ee0000 - 0x74ef5000 	C:\WINDOWS\System32\win32u.dll
0x74680000 - 0x746ab000 	C:\WINDOWS\System32\GDI32.dll
0x76520000 - 0x7667b000 	C:\WINDOWS\System32\gdi32full.dll
0x73d60000 - 0x73f6a000 	C:\WINDOWS\WinSxS\x86_microsoft.windows.common-controls_6595b64144ccf1df_6.0.14393.0_none_74bc87d3d22d9abe\COMCTL32.dll
0x772a0000 - 0x774b1000 	C:\WINDOWS\System32\combase.dll
0x75050000 - 0x75130000 	C:\WINDOWS\System32\ucrtbase.dll
0x774c0000 - 0x774e5000 	C:\WINDOWS\System32\IMM32.DLL
0x690c0000 - 0x6917f000 	C:\Program Files (x86)\Arduino\java\bin\msvcr100.dll
0x68cf0000 - 0x690bb000 	C:\Program Files (x86)\Arduino\java\bin\client\jvm.dll
0x77180000 - 0x77186000 	C:\WINDOWS\System32\PSAPI.DLL
0x73fc0000 - 0x73fc8000 	C:\WINDOWS\SYSTEM32\WSOCK32.dll
0x77230000 - 0x77293000 	C:\WINDOWS\System32\WS2_32.dll
0x73f90000 - 0x73fb4000 	C:\WINDOWS\SYSTEM32\WINMM.dll
0x74230000 - 0x74238000 	C:\WINDOWS\SYSTEM32\VERSION.dll
0x73600000 - 0x73623000 	C:\WINDOWS\SYSTEM32\WINMMBASE.dll
0x769f0000 - 0x76a26000 	C:\WINDOWS\System32\cfgmgr32.dll
0x6a2e0000 - 0x6a311000 	C:\Program Files (x86)\Arduino\java\bin\splashscreen.dll
0x72b60000 - 0x72bd5000 	C:\WINDOWS\system32\uxtheme.dll
0x6a2d0000 - 0x6a2dc000 	C:\Program Files (x86)\Arduino\java\bin\verify.dll
0x6a2a0000 - 0x6a2c1000 	C:\Program Files (x86)\Arduino\java\bin\java.dll
0x748b0000 - 0x749e6000 	C:\WINDOWS\System32\MSCTF.dll
0x74e40000 - 0x74ed3000 	C:\WINDOWS\System32\OLEAUT32.dll
0x6a280000 - 0x6a293000 	C:\Program Files (x86)\Arduino\java\bin\zip.dll
0x74f00000 - 0x74f0d000 	C:\WINDOWS\System32\kernel.appcore.dll
0x75130000 - 0x76507000 	C:\WINDOWS\System32\SHELL32.dll
0x76a30000 - 0x76f9e000 	C:\WINDOWS\System32\windows.storage.dll
0x771e0000 - 0x77225000 	C:\WINDOWS\System32\powrprof.dll
0x77130000 - 0x77176000 	C:\WINDOWS\System32\shlwapi.dll
0x74fc0000 - 0x75048000 	C:\WINDOWS\System32\shcore.dll
0x76510000 - 0x7651f000 	C:\WINDOWS\System32\profapi.dll
0x72b50000 - 0x72b60000 	C:\WINDOWS\SYSTEM32\LSKHOOK.DLL
0x68ba0000 - 0x68ce5000 	C:\Program Files (x86)\Arduino\java\bin\awt.dll
0x721c0000 - 0x72252000 	C:\WINDOWS\SYSTEM32\apphelp.dll
0x72b30000 - 0x72b4f000 	C:\WINDOWS\system32\dwmapi.dll
0x76680000 - 0x7676a000 	C:\WINDOWS\System32\ole32.dll
0x61740000 - 0x6176c000 	C:\Program Files (x86)\Arduino\lib\listSerialsj.dll
0x74270000 - 0x7467b000 	C:\WINDOWS\System32\SETUPAPI.dll
0x72a00000 - 0x72a13000 	C:\WINDOWS\SYSTEM32\CRYPTSP.dll
0x729d0000 - 0x729ff000 	C:\WINDOWS\system32\rsaenh.dll
0x74050000 - 0x7406b000 	C:\WINDOWS\SYSTEM32\bcrypt.dll
0x73fd0000 - 0x73fea000 	C:\WINDOWS\SYSTEM32\USERENV.dll
0x692d0000 - 0x692e6000 	C:\Program Files (x86)\Arduino\java\bin\net.dll
0x74150000 - 0x7419e000 	C:\WINDOWS\system32\mswsock.dll
0x741a0000 - 0x741cf000 	C:\WINDOWS\SYSTEM32\IPHLPAPI.DLL
0x76770000 - 0x76777000 	C:\WINDOWS\System32\NSI.dll
0x72a60000 - 0x72a73000 	C:\WINDOWS\SYSTEM32\dhcpcsvc6.DLL
0x72a40000 - 0x72a54000 	C:\WINDOWS\SYSTEM32\dhcpcsvc.DLL
0x692c0000 - 0x692cf000 	C:\Program Files (x86)\Arduino\java\bin\nio.dll
0x26eb0000 - 0x26eed000 	C:\Users\boccagna\AppData\Local\Temp\jna-1654088518\jna7180828360464997300.dll
0x69280000 - 0x692b9000 	C:\Program Files (x86)\Arduino\java\bin\fontmanager.dll
0x68b60000 - 0x68b92000 	C:\Program Files (x86)\Arduino\java\bin\t2k.dll
0x73460000 - 0x73482000 	C:\WINDOWS\SYSTEM32\DEVOBJ.dll
0x77190000 - 0x771d3000 	C:\WINDOWS\System32\WINTRUST.dll
0x76fa0000 - 0x76fae000 	C:\WINDOWS\System32\MSASN1.dll
0x76fb0000 - 0x7712d000 	C:\WINDOWS\System32\CRYPT32.dll
0x740d0000 - 0x7414c000 	C:\WINDOWS\SYSTEM32\DNSAPI.dll
0x740c0000 - 0x740c8000 	C:\Windows\System32\rasadhlp.dll
0x74070000 - 0x740b9000 	C:\WINDOWS\System32\fwpuclnt.dll
0x68af0000 - 0x68b59000 	C:\Program Files (x86)\Arduino\msvcp100.dll
0x68a30000 - 0x68aee000 	C:\Program Files (x86)\Arduino\msvcr100.dll
0x28020000 - 0x28052000 	C:\Program Files (x86)\Arduino\lib\AStylej.dll
0x68a00000 - 0x68a24000 	C:\Program Files (x86)\Arduino\java\bin\dcpr.dll
0x74820000 - 0x748a4000 	C:\WINDOWS\System32\clbcatq.dll
0x72f30000 - 0x7309e000 	C:\WINDOWS\SYSTEM32\WindowsCodecs.dll
0x6de10000 - 0x6de54000 	C:\WINDOWS\system32\dataexchange.dll
0x6dac0000 - 0x6dcf0000 	C:\WINDOWS\system32\d3d11.dll
0x6dcf0000 - 0x6de03000 	C:\WINDOWS\system32\dcomp.dll
0x6da30000 - 0x6dab4000 	C:\WINDOWS\system32\dxgi.dll
0x6d930000 - 0x6da21000 	C:\WINDOWS\system32\twinapi.appcore.dll
0x64000000 - 0x6401b000 	C:\Users\boccagna\.jssc\windows\jSSC-2.8_x86.dll
0x6e080000 - 0x6e1c5000 	C:\WINDOWS\SYSTEM32\dbghelp.dll

VM Arguments:
jvm_args: -Dsun.java2d.d3d=false -Djna.nosys=true -DAPP_DIR=C:\Program Files (x86)\Arduino -Xms128M -Xmx512M 
java_command: processing.app.Base F:\ProgrammeArd\ProgrammeArd.ino
java_class_path (initial): C:\Program Files (x86)\Arduino\lib\apple.jar;C:\Program Files (x86)\Arduino\lib\arduino-core.jar;C:\Program Files (x86)\Arduino\lib\batik-1.8.jar;C:\Program Files (x86)\Arduino\lib\batik-anim-1.8.jar;C:\Program Files (x86)\Arduino\lib\batik-awt-util-1.8.jar;C:\Program Files (x86)\Arduino\lib\batik-bridge-1.8.jar;C:\Program Files (x86)\Arduino\lib\batik-codec-1.8.jar;C:\Program Files (x86)\Arduino\lib\batik-css-1.8.jar;C:\Program Files (x86)\Arduino\lib\batik-dom-1.8.jar;C:\Program Files (x86)\Arduino\lib\batik-ext-1.8.jar;C:\Program Files (x86)\Arduino\lib\batik-gvt-1.8.jar;C:\Program Files (x86)\Arduino\lib\batik-parser-1.8.jar;C:\Program Files (x86)\Arduino\lib\batik-rasterizer-1.8.jar;C:\Program Files (x86)\Arduino\lib\batik-script-1.8.jar;C:\Program Files (x86)\Arduino\lib\batik-squiggle-1.8.jar;C:\Program Files (x86)\Arduino\lib\batik-svg-dom-1.8.jar;C:\Program Files (x86)\Arduino\lib\batik-svgpp-1.8.jar;C:\Program Files (x86)\Arduino\lib\batik-transcoder-1.8.jar;C:\Program Files (x86)\Arduino\lib\batik-util-1.8.jar;C:\Program Files (x86)\Arduino\lib\batik-xml-1.8.jar;C:\Program Files (x86)\Arduino\lib\bcpg-jdk15on-152.jar;C:\Program Files (x86)\Arduino\lib\bcprov-jdk15on-152.jar;C:\Program Files (x86)\Arduino\lib\commons-codec-1.7.jar;C:\Program Files (x86)\Arduino\lib\commons-compress-1.8.jar;C:\Program Files (x86)\Arduino\lib\commons-exec-1.1.jar;C:\Program Files (x86)\Arduino\lib\commons-httpclient-3.1.jar;C:\Program Files (x86)\Arduino\lib\commons-lang3-3.3.2.jar;C:\Program Files (x86)\Arduino\lib\commons-logging-1.0.4.jar;C:\Program Files (x86)\Arduino\lib\commons-net-3.3.jar;C:\Program Files (x86)\Arduino\lib\jackson-annotations-2.6.3.jar;C:\Program Files (x86)\Arduino\lib\jackson-core-2.6.3.jar;C:\Program Files (x86)\Arduino\lib\jackson-databind-2.6.3.jar;C:\Program Files (x86)\Arduino\lib\jackson-module-mrbean-2.6.3.jar;C:\Program Files (x86)\Arduino\lib\java-semver-0.8.0.jar;C:\Program Files (x86)\Arduino\lib\jmdns-3.4.1.j
Launcher Type: SUN_STANDARD

Environment Variables:
CLASSPATH=.;C:\Program Files (x86)\QuickTime\QTSystem\QTJava.zip
PATH=C:\ProgramData\Oracle\Java\javapath;C:\WINDOWS\system32;C:\WINDOWS;C:\WINDOWS\System32\Wbem;C:\WINDOWS\System32\WindowsPowerShell\v1.0\;C:\Program Files (x86)\QuickTime\QTSystem\;C:\WINDOWS\system32\config\systemprofile\.dnx\bin;C:\Program Files\Microsoft DNX\Dnvm\;C:\Program Files (x86)\Windows Kits\8.1\Windows Performance Toolkit\;C:\Program Files\Microsoft SQL Server\120\Tools\Binn\;C:\Program Files\Microsoft SQL Server\130\Tools\Binn\;C:\Program Files (x86)\ATI Technologies\ATI.ACE\Core-Static;C:\Users\boccagna\AppData\Local\Microsoft\WindowsApps;;C:\Program Files (x86)\Arduino\java\bin
USERNAME=boccagna
OS=Windows_NT
PROCESSOR_IDENTIFIER=Intel64 Family 6 Model 60 Stepping 3, GenuineIntel



---------------  S Y S T E M  ---------------

OS: Windows 10.0 , 64 bit Build 14393 (10.0.14393.0)

CPU:total 4 (4 cores per cpu, 1 threads per core) family 6 model 60 stepping 3, cmov, cx8, fxsr, mmx, sse, sse2, sse3, ssse3, sse4.1, sse4.2, popcnt, avx, avx2, aes, clmul, erms, lzcnt, tsc, tscinvbit, bmi1, bmi2

Memory: 4k page, physical 16717948k(13765004k free), swap 19208316k(15339972k free)

vm_info: Java HotSpot(TM) Client VM (25.92-b14) for windows-x86 JRE (1.8.0_92-b14), built on Mar 31 2016 21:09:21 by "java_re" with MS VC++ 10.0 (VS2010)

time: Mon Jan 16 17:12:23 2017
elapsed time: 1327 seconds (0d 0h 22m 7s)

